#
# There is insufficient memory for the Java Runtime Environment to continue.
# Native memory allocation (malloc) failed to allocate 184496 bytes. Error detail: Chunk::new
# Possible reasons:
#   The system is out of physical RAM or swap space
#   This process is running with CompressedOops enabled, and the Java Heap may be blocking the growth of the native heap
# Possible solutions:
#   Reduce memory load on the system
#   Increase physical memory or swap space
#   Check if swap backing store is full
#   Decrease Java heap size (-Xmx/-Xms)
#   Decrease number of Java threads
#   Decrease Java thread stack sizes (-Xss)
#   Set larger code cache with -XX:ReservedCodeCacheSize=
#   JVM is running with Unscaled Compressed Oops mode in which the Java heap is
#     placed in the first 4GB address space. The Java Heap base address is the
#     maximum limit for the native heap growth. Please use -XX:HeapBaseMinAddress
#     to set the Java Heap base and to place the Java Heap above 4GB virtual address.
# This output file may be truncated or incomplete.
#
#  Out of Memory Error (arena.cpp:168), pid=19176, tid=19428
#
# JRE version: OpenJDK Runtime Environment JBR-21.0.3+13-509.4-jcef (21.0.3+13) (build 21.0.3+13-b509.4)
# Java VM: OpenJDK 64-Bit Server VM JBR-21.0.3+13-509.4-jcef (21.0.3+13-b509.4, mixed mode, tiered, compressed oops, compressed class ptrs, g1 gc, windows-amd64)
# No core dump will be written. Minidumps are not enabled by default on client versions of Windows
#

---------------  S U M M A R Y ------------

Command Line: git4idea.http.GitAskPassApp Username for 'https://github.com': 

Host: AMD Ryzen 3 5300U with Radeon Graphics         , 8 cores, 5G,  Windows 10 , 64 bit Build 19041 (10.0.19041.4717)
Time: Tue Sep  3 20:30:58 2024  Windows 10 , 64 bit Build 19041 (10.0.19041.4717) elapsed time: 0.981552 seconds (0d 0h 0m 0s)

---------------  T H R E A D  ---------------

Current thread (0x0000024d325ee640):  JavaThread "C2 CompilerThread0" daemon [_thread_in_native, id=19428, stack(0x000000cb77200000,0x000000cb77300000) (1024K)]


Current CompileTask:
C2:    981  930       4       jdk.internal.org.objectweb.asm.SymbolTable::addConstantUtf8 (98 bytes)

Stack: [0x000000cb77200000,0x000000cb77300000]
Native frames: (J=compiled Java code, j=interpreted, Vv=VM code, C=native code)
V  [jvm.dll+0x6e02e9]
V  [jvm.dll+0x8bd373]
V  [jvm.dll+0x8bf8ce]
V  [jvm.dll+0x8bffb3]
V  [jvm.dll+0x2879b6]
V  [jvm.dll+0xc60ad]
V  [jvm.dll+0xc65e3]
V  [jvm.dll+0x2fd071]
V  [jvm.dll+0x607b19]
V  [jvm.dll+0x258392]
V  [jvm.dll+0x250e1a]
V  [jvm.dll+0x24e88e]
V  [jvm.dll+0x1cd024]
V  [jvm.dll+0x25e12c]
V  [jvm.dll+0x25c606]
V  [jvm.dll+0x3fb046]
V  [jvm.dll+0x865328]
V  [jvm.dll+0x6deb2d]
C  [ucrtbase.dll+0x21bb2]
C  [KERNEL32.DLL+0x17374]
C  [ntdll.dll+0x4cc91]


---------------  P R O C E S S  ---------------

Threads class SMR info:
_java_thread_list=0x0000024d37354ae0, length=14, elements={
0x0000024d1a261710, 0x0000024d326057d0, 0x0000024d326068c0, 0x0000024d32611a20,
0x0000024d32612480, 0x0000024d32608490, 0x0000024d326092c0, 0x0000024d325ee640,
0x0000024d325ef0e0, 0x0000024d327bcbd0, 0x0000024d327c2c80, 0x0000024d37386d70,
0x0000024d374759b0, 0x0000024d3740eda0
}

Java Threads: ( => current thread )
  0x0000024d1a261710 JavaThread "main"                              [_thread_blocked, id=24640, stack(0x000000cb76400000,0x000000cb76500000) (1024K)]
  0x0000024d326057d0 JavaThread "Reference Handler"          daemon [_thread_blocked, id=20852, stack(0x000000cb76c00000,0x000000cb76d00000) (1024K)]
  0x0000024d326068c0 JavaThread "Finalizer"                  daemon [_thread_blocked, id=17028, stack(0x000000cb76d00000,0x000000cb76e00000) (1024K)]
  0x0000024d32611a20 JavaThread "Signal Dispatcher"          daemon [_thread_blocked, id=24300, stack(0x000000cb76e00000,0x000000cb76f00000) (1024K)]
  0x0000024d32612480 JavaThread "Attach Listener"            daemon [_thread_blocked, id=26176, stack(0x000000cb76f00000,0x000000cb77000000) (1024K)]
  0x0000024d32608490 JavaThread "Service Thread"             daemon [_thread_blocked, id=18516, stack(0x000000cb77000000,0x000000cb77100000) (1024K)]
  0x0000024d326092c0 JavaThread "Monitor Deflation Thread"   daemon [_thread_blocked, id=11160, stack(0x000000cb77100000,0x000000cb77200000) (1024K)]
=>0x0000024d325ee640 JavaThread "C2 CompilerThread0"         daemon [_thread_in_native, id=19428, stack(0x000000cb77200000,0x000000cb77300000) (1024K)]
  0x0000024d325ef0e0 JavaThread "C1 CompilerThread0"         daemon [_thread_blocked, id=20944, stack(0x000000cb77300000,0x000000cb77400000) (1024K)]
  0x0000024d327bcbd0 JavaThread "Notification Thread"        daemon [_thread_blocked, id=4644, stack(0x000000cb77400000,0x000000cb77500000) (1024K)]
  0x0000024d327c2c80 JavaThread "Common-Cleaner"             daemon [_thread_blocked, id=14112, stack(0x000000cb77500000,0x000000cb77600000) (1024K)]
  0x0000024d37386d70 JavaThread "HttpClient-1-SelectorManager" daemon [_thread_in_native, id=14660, stack(0x000000cb77600000,0x000000cb77700000) (1024K)]
  0x0000024d374759b0 JavaThread "HttpClient-1-Worker-0"      daemon [_thread_in_vm, id=25788, stack(0x000000cb77800000,0x000000cb77900000) (1024K)]
  0x0000024d3740eda0 JavaThread "HttpClient-1-Worker-1"      daemon [_thread_blocked, id=10872, stack(0x000000cb77900000,0x000000cb77a00000) (1024K)]
Total: 14

Other Threads:
  0x0000024d32588380 VMThread "VM Thread"                           [id=24996, stack(0x000000cb76b00000,0x000000cb76c00000) (1024K)]
  0x0000024d323c5450 WatcherThread "VM Periodic Task Thread"        [id=25068, stack(0x000000cb76a00000,0x000000cb76b00000) (1024K)]
  0x0000024d1a2a2c40 WorkerThread "GC Thread#0"                     [id=14976, stack(0x000000cb76500000,0x000000cb76600000) (1024K)]
  0x0000024d1a2b0430 ConcurrentGCThread "G1 Main Marker"            [id=5720, stack(0x000000cb76600000,0x000000cb76700000) (1024K)]
  0x0000024d1a2b0e40 WorkerThread "G1 Conc#0"                       [id=25916, stack(0x000000cb76700000,0x000000cb76800000) (1024K)]
  0x0000024d32294140 ConcurrentGCThread "G1 Refine#0"               [id=25692, stack(0x000000cb76800000,0x000000cb76900000) (1024K)]
  0x0000024d32295bd0 ConcurrentGCThread "G1 Service"                [id=12244, stack(0x000000cb76900000,0x000000cb76a00000) (1024K)]
Total: 7

Threads with active compile tasks:
C2 CompilerThread0     1036  930       4       jdk.internal.org.objectweb.asm.SymbolTable::addConstantUtf8 (98 bytes)
Total: 1

VM state: not at safepoint (normal execution)

VM Mutex/Monitor currently owned by a thread:  ([mutex/lock_event])
[0x00007ff908ecf558] Metaspace_lock - owner thread: 0x0000024d374759b0

Heap address: 0x00000000a2600000, size: 1498 MB, Compressed Oops mode: 32-bit

CDS archive(s) not mapped
Compressed class space mapped at: 0x0000000100000000-0x0000000140000000, reserved size: 1073741824
Narrow klass base: 0x0000000000000000, Narrow klass shift: 3, Narrow klass range: 0x140000000

GC Precious Log:
 CardTable entry size: 512
 Card Set container configuration: InlinePtr #cards 5 size 8 Array Of Cards #cards 12 size 40 Howl #buckets 4 coarsen threshold 1843 Howl Bitmap #cards 512 size 80 coarsen threshold 460 Card regions per heap region 1 cards per card region 2048
 CPUs: 8 total, 8 available
 Memory: 5989M
 Large Page Support: Disabled
 NUMA Support: Disabled
 Compressed Oops: Enabled (32-bit)
 Heap Region Size: 1M
 Heap Min Capacity: 8M
 Heap Initial Capacity: 94M
 Heap Max Capacity: 1498M
 Pre-touch: Disabled
 Parallel Workers: 8
 Concurrent Workers: 2
 Concurrent Refinement Workers: 8
 Periodic GC: Disabled

Heap:
 garbage-first heap   total 96256K, used 12288K [0x00000000a2600000, 0x0000000100000000)
  region size 1024K, 13 young (13312K), 0 survivors (0K)
 Metaspace       used 15855K, committed 16064K, reserved 1114112K
  class space    used 1532K, committed 1664K, reserved 1048576K

Heap Regions: E=young(eden), S=young(survivor), O=old, HS=humongous(starts), HC=humongous(continues), CS=collection set, F=free, TAMS=top-at-mark-start, PB=parsable bottom
|   0|0x00000000a2600000, 0x00000000a2600000, 0x00000000a2700000|  0%| F|  |TAMS 0x00000000a2600000| PB 0x00000000a2600000| Untracked 
|   1|0x00000000a2700000, 0x00000000a2700000, 0x00000000a2800000|  0%| F|  |TAMS 0x00000000a2700000| PB 0x00000000a2700000| Untracked 
|   2|0x00000000a2800000, 0x00000000a2800000, 0x00000000a2900000|  0%| F|  |TAMS 0x00000000a2800000| PB 0x00000000a2800000| Untracked 
|   3|0x00000000a2900000, 0x00000000a2900000, 0x00000000a2a00000|  0%| F|  |TAMS 0x00000000a2900000| PB 0x00000000a2900000| Untracked 
|   4|0x00000000a2a00000, 0x00000000a2a00000, 0x00000000a2b00000|  0%| F|  |TAMS 0x00000000a2a00000| PB 0x00000000a2a00000| Untracked 
|   5|0x00000000a2b00000, 0x00000000a2b00000, 0x00000000a2c00000|  0%| F|  |TAMS 0x00000000a2b00000| PB 0x00000000a2b00000| Untracked 
|   6|0x00000000a2c00000, 0x00000000a2c00000, 0x00000000a2d00000|  0%| F|  |TAMS 0x00000000a2c00000| PB 0x00000000a2c00000| Untracked 
|   7|0x00000000a2d00000, 0x00000000a2d00000, 0x00000000a2e00000|  0%| F|  |TAMS 0x00000000a2d00000| PB 0x00000000a2d00000| Untracked 
|   8|0x00000000a2e00000, 0x00000000a2e00000, 0x00000000a2f00000|  0%| F|  |TAMS 0x00000000a2e00000| PB 0x00000000a2e00000| Untracked 
|   9|0x00000000a2f00000, 0x00000000a2f00000, 0x00000000a3000000|  0%| F|  |TAMS 0x00000000a2f00000| PB 0x00000000a2f00000| Untracked 
|  10|0x00000000a3000000, 0x00000000a3000000, 0x00000000a3100000|  0%| F|  |TAMS 0x00000000a3000000| PB 0x00000000a3000000| Untracked 
|  11|0x00000000a3100000, 0x00000000a3100000, 0x00000000a3200000|  0%| F|  |TAMS 0x00000000a3100000| PB 0x00000000a3100000| Untracked 
|  12|0x00000000a3200000, 0x00000000a3200000, 0x00000000a3300000|  0%| F|  |TAMS 0x00000000a3200000| PB 0x00000000a3200000| Untracked 
|  13|0x00000000a3300000, 0x00000000a3300000, 0x00000000a3400000|  0%| F|  |TAMS 0x00000000a3300000| PB 0x00000000a3300000| Untracked 
|  14|0x00000000a3400000, 0x00000000a3400000, 0x00000000a3500000|  0%| F|  |TAMS 0x00000000a3400000| PB 0x00000000a3400000| Untracked 
|  15|0x00000000a3500000, 0x00000000a3500000, 0x00000000a3600000|  0%| F|  |TAMS 0x00000000a3500000| PB 0x00000000a3500000| Untracked 
|  16|0x00000000a3600000, 0x00000000a3600000, 0x00000000a3700000|  0%| F|  |TAMS 0x00000000a3600000| PB 0x00000000a3600000| Untracked 
|  17|0x00000000a3700000, 0x00000000a3700000, 0x00000000a3800000|  0%| F|  |TAMS 0x00000000a3700000| PB 0x00000000a3700000| Untracked 
|  18|0x00000000a3800000, 0x00000000a3800000, 0x00000000a3900000|  0%| F|  |TAMS 0x00000000a3800000| PB 0x00000000a3800000| Untracked 
|  19|0x00000000a3900000, 0x00000000a3900000, 0x00000000a3a00000|  0%| F|  |TAMS 0x00000000a3900000| PB 0x00000000a3900000| Untracked 
|  20|0x00000000a3a00000, 0x00000000a3a00000, 0x00000000a3b00000|  0%| F|  |TAMS 0x00000000a3a00000| PB 0x00000000a3a00000| Untracked 
|  21|0x00000000a3b00000, 0x00000000a3b00000, 0x00000000a3c00000|  0%| F|  |TAMS 0x00000000a3b00000| PB 0x00000000a3b00000| Untracked 
|  22|0x00000000a3c00000, 0x00000000a3c00000, 0x00000000a3d00000|  0%| F|  |TAMS 0x00000000a3c00000| PB 0x00000000a3c00000| Untracked 
|  23|0x00000000a3d00000, 0x00000000a3d00000, 0x00000000a3e00000|  0%| F|  |TAMS 0x00000000a3d00000| PB 0x00000000a3d00000| Untracked 
|  24|0x00000000a3e00000, 0x00000000a3e00000, 0x00000000a3f00000|  0%| F|  |TAMS 0x00000000a3e00000| PB 0x00000000a3e00000| Untracked 
|  25|0x00000000a3f00000, 0x00000000a3f00000, 0x00000000a4000000|  0%| F|  |TAMS 0x00000000a3f00000| PB 0x00000000a3f00000| Untracked 
|  26|0x00000000a4000000, 0x00000000a4000000, 0x00000000a4100000|  0%| F|  |TAMS 0x00000000a4000000| PB 0x00000000a4000000| Untracked 
|  27|0x00000000a4100000, 0x00000000a4100000, 0x00000000a4200000|  0%| F|  |TAMS 0x00000000a4100000| PB 0x00000000a4100000| Untracked 
|  28|0x00000000a4200000, 0x00000000a4200000, 0x00000000a4300000|  0%| F|  |TAMS 0x00000000a4200000| PB 0x00000000a4200000| Untracked 
|  29|0x00000000a4300000, 0x00000000a4300000, 0x00000000a4400000|  0%| F|  |TAMS 0x00000000a4300000| PB 0x00000000a4300000| Untracked 
|  30|0x00000000a4400000, 0x00000000a4400000, 0x00000000a4500000|  0%| F|  |TAMS 0x00000000a4400000| PB 0x00000000a4400000| Untracked 
|  31|0x00000000a4500000, 0x00000000a4500000, 0x00000000a4600000|  0%| F|  |TAMS 0x00000000a4500000| PB 0x00000000a4500000| Untracked 
|  32|0x00000000a4600000, 0x00000000a4600000, 0x00000000a4700000|  0%| F|  |TAMS 0x00000000a4600000| PB 0x00000000a4600000| Untracked 
|  33|0x00000000a4700000, 0x00000000a4700000, 0x00000000a4800000|  0%| F|  |TAMS 0x00000000a4700000| PB 0x00000000a4700000| Untracked 
|  34|0x00000000a4800000, 0x00000000a4800000, 0x00000000a4900000|  0%| F|  |TAMS 0x00000000a4800000| PB 0x00000000a4800000| Untracked 
|  35|0x00000000a4900000, 0x00000000a4900000, 0x00000000a4a00000|  0%| F|  |TAMS 0x00000000a4900000| PB 0x00000000a4900000| Untracked 
|  36|0x00000000a4a00000, 0x00000000a4a00000, 0x00000000a4b00000|  0%| F|  |TAMS 0x00000000a4a00000| PB 0x00000000a4a00000| Untracked 
|  37|0x00000000a4b00000, 0x00000000a4b00000, 0x00000000a4c00000|  0%| F|  |TAMS 0x00000000a4b00000| PB 0x00000000a4b00000| Untracked 
|  38|0x00000000a4c00000, 0x00000000a4c00000, 0x00000000a4d00000|  0%| F|  |TAMS 0x00000000a4c00000| PB 0x00000000a4c00000| Untracked 
|  39|0x00000000a4d00000, 0x00000000a4d00000, 0x00000000a4e00000|  0%| F|  |TAMS 0x00000000a4d00000| PB 0x00000000a4d00000| Untracked 
|  40|0x00000000a4e00000, 0x00000000a4e00000, 0x00000000a4f00000|  0%| F|  |TAMS 0x00000000a4e00000| PB 0x00000000a4e00000| Untracked 
|  41|0x00000000a4f00000, 0x00000000a4f00000, 0x00000000a5000000|  0%| F|  |TAMS 0x00000000a4f00000| PB 0x00000000a4f00000| Untracked 
|  42|0x00000000a5000000, 0x00000000a5000000, 0x00000000a5100000|  0%| F|  |TAMS 0x00000000a5000000| PB 0x00000000a5000000| Untracked 
|  43|0x00000000a5100000, 0x00000000a5100000, 0x00000000a5200000|  0%| F|  |TAMS 0x00000000a5100000| PB 0x00000000a5100000| Untracked 
|  44|0x00000000a5200000, 0x00000000a5200000, 0x00000000a5300000|  0%| F|  |TAMS 0x00000000a5200000| PB 0x00000000a5200000| Untracked 
|  45|0x00000000a5300000, 0x00000000a5300000, 0x00000000a5400000|  0%| F|  |TAMS 0x00000000a5300000| PB 0x00000000a5300000| Untracked 
|  46|0x00000000a5400000, 0x00000000a5400000, 0x00000000a5500000|  0%| F|  |TAMS 0x00000000a5400000| PB 0x00000000a5400000| Untracked 
|  47|0x00000000a5500000, 0x00000000a5500000, 0x00000000a5600000|  0%| F|  |TAMS 0x00000000a5500000| PB 0x00000000a5500000| Untracked 
|  48|0x00000000a5600000, 0x00000000a5600000, 0x00000000a5700000|  0%| F|  |TAMS 0x00000000a5600000| PB 0x00000000a5600000| Untracked 
|  49|0x00000000a5700000, 0x00000000a5700000, 0x00000000a5800000|  0%| F|  |TAMS 0x00000000a5700000| PB 0x00000000a5700000| Untracked 
|  50|0x00000000a5800000, 0x00000000a5800000, 0x00000000a5900000|  0%| F|  |TAMS 0x00000000a5800000| PB 0x00000000a5800000| Untracked 
|  51|0x00000000a5900000, 0x00000000a5900000, 0x00000000a5a00000|  0%| F|  |TAMS 0x00000000a5900000| PB 0x00000000a5900000| Untracked 
|  52|0x00000000a5a00000, 0x00000000a5a00000, 0x00000000a5b00000|  0%| F|  |TAMS 0x00000000a5a00000| PB 0x00000000a5a00000| Untracked 
|  53|0x00000000a5b00000, 0x00000000a5b00000, 0x00000000a5c00000|  0%| F|  |TAMS 0x00000000a5b00000| PB 0x00000000a5b00000| Untracked 
|  54|0x00000000a5c00000, 0x00000000a5c00000, 0x00000000a5d00000|  0%| F|  |TAMS 0x00000000a5c00000| PB 0x00000000a5c00000| Untracked 
|  55|0x00000000a5d00000, 0x00000000a5d00000, 0x00000000a5e00000|  0%| F|  |TAMS 0x00000000a5d00000| PB 0x00000000a5d00000| Untracked 
|  56|0x00000000a5e00000, 0x00000000a5e00000, 0x00000000a5f00000|  0%| F|  |TAMS 0x00000000a5e00000| PB 0x00000000a5e00000| Untracked 
|  57|0x00000000a5f00000, 0x00000000a5f00000, 0x00000000a6000000|  0%| F|  |TAMS 0x00000000a5f00000| PB 0x00000000a5f00000| Untracked 
|  58|0x00000000a6000000, 0x00000000a6000000, 0x00000000a6100000|  0%| F|  |TAMS 0x00000000a6000000| PB 0x00000000a6000000| Untracked 
|  59|0x00000000a6100000, 0x00000000a6100000, 0x00000000a6200000|  0%| F|  |TAMS 0x00000000a6100000| PB 0x00000000a6100000| Untracked 
|  60|0x00000000a6200000, 0x00000000a6200000, 0x00000000a6300000|  0%| F|  |TAMS 0x00000000a6200000| PB 0x00000000a6200000| Untracked 
|  61|0x00000000a6300000, 0x00000000a6300000, 0x00000000a6400000|  0%| F|  |TAMS 0x00000000a6300000| PB 0x00000000a6300000| Untracked 
|  62|0x00000000a6400000, 0x00000000a6400000, 0x00000000a6500000|  0%| F|  |TAMS 0x00000000a6400000| PB 0x00000000a6400000| Untracked 
|  63|0x00000000a6500000, 0x00000000a6500000, 0x00000000a6600000|  0%| F|  |TAMS 0x00000000a6500000| PB 0x00000000a6500000| Untracked 
|  64|0x00000000a6600000, 0x00000000a6600000, 0x00000000a6700000|  0%| F|  |TAMS 0x00000000a6600000| PB 0x00000000a6600000| Untracked 
|  65|0x00000000a6700000, 0x00000000a6700000, 0x00000000a6800000|  0%| F|  |TAMS 0x00000000a6700000| PB 0x00000000a6700000| Untracked 
|  66|0x00000000a6800000, 0x00000000a6800000, 0x00000000a6900000|  0%| F|  |TAMS 0x00000000a6800000| PB 0x00000000a6800000| Untracked 
|  67|0x00000000a6900000, 0x00000000a6900000, 0x00000000a6a00000|  0%| F|  |TAMS 0x00000000a6900000| PB 0x00000000a6900000| Untracked 
|  68|0x00000000a6a00000, 0x00000000a6a00000, 0x00000000a6b00000|  0%| F|  |TAMS 0x00000000a6a00000| PB 0x00000000a6a00000| Untracked 
|  69|0x00000000a6b00000, 0x00000000a6b00000, 0x00000000a6c00000|  0%| F|  |TAMS 0x00000000a6b00000| PB 0x00000000a6b00000| Untracked 
|  70|0x00000000a6c00000, 0x00000000a6c00000, 0x00000000a6d00000|  0%| F|  |TAMS 0x00000000a6c00000| PB 0x00000000a6c00000| Untracked 
|  71|0x00000000a6d00000, 0x00000000a6d00000, 0x00000000a6e00000|  0%| F|  |TAMS 0x00000000a6d00000| PB 0x00000000a6d00000| Untracked 
|  72|0x00000000a6e00000, 0x00000000a6e00000, 0x00000000a6f00000|  0%| F|  |TAMS 0x00000000a6e00000| PB 0x00000000a6e00000| Untracked 
|  73|0x00000000a6f00000, 0x00000000a6f00000, 0x00000000a7000000|  0%| F|  |TAMS 0x00000000a6f00000| PB 0x00000000a6f00000| Untracked 
|  74|0x00000000a7000000, 0x00000000a7000000, 0x00000000a7100000|  0%| F|  |TAMS 0x00000000a7000000| PB 0x00000000a7000000| Untracked 
|  75|0x00000000a7100000, 0x00000000a7100000, 0x00000000a7200000|  0%| F|  |TAMS 0x00000000a7100000| PB 0x00000000a7100000| Untracked 
|  76|0x00000000a7200000, 0x00000000a7200000, 0x00000000a7300000|  0%| F|  |TAMS 0x00000000a7200000| PB 0x00000000a7200000| Untracked 
|  77|0x00000000a7300000, 0x00000000a7300000, 0x00000000a7400000|  0%| F|  |TAMS 0x00000000a7300000| PB 0x00000000a7300000| Untracked 
|  78|0x00000000a7400000, 0x00000000a7400000, 0x00000000a7500000|  0%| F|  |TAMS 0x00000000a7400000| PB 0x00000000a7400000| Untracked 
|  79|0x00000000a7500000, 0x00000000a7500000, 0x00000000a7600000|  0%| F|  |TAMS 0x00000000a7500000| PB 0x00000000a7500000| Untracked 
|  80|0x00000000a7600000, 0x00000000a7600000, 0x00000000a7700000|  0%| F|  |TAMS 0x00000000a7600000| PB 0x00000000a7600000| Untracked 
|  81|0x00000000a7700000, 0x00000000a77ed218, 0x00000000a7800000| 92%| E|  |TAMS 0x00000000a7700000| PB 0x00000000a7700000| Complete 
|  82|0x00000000a7800000, 0x00000000a7900000, 0x00000000a7900000|100%| E|CS|TAMS 0x00000000a7800000| PB 0x00000000a7800000| Complete 
|  83|0x00000000a7900000, 0x00000000a7a00000, 0x00000000a7a00000|100%| E|CS|TAMS 0x00000000a7900000| PB 0x00000000a7900000| Complete 
|  84|0x00000000a7a00000, 0x00000000a7b00000, 0x00000000a7b00000|100%| E|CS|TAMS 0x00000000a7a00000| PB 0x00000000a7a00000| Complete 
|  85|0x00000000a7b00000, 0x00000000a7c00000, 0x00000000a7c00000|100%| E|CS|TAMS 0x00000000a7b00000| PB 0x00000000a7b00000| Complete 
|  86|0x00000000a7c00000, 0x00000000a7d00000, 0x00000000a7d00000|100%| E|CS|TAMS 0x00000000a7c00000| PB 0x00000000a7c00000| Complete 
|  87|0x00000000a7d00000, 0x00000000a7e00000, 0x00000000a7e00000|100%| E|CS|TAMS 0x00000000a7d00000| PB 0x00000000a7d00000| Complete 
|  88|0x00000000a7e00000, 0x00000000a7f00000, 0x00000000a7f00000|100%| E|CS|TAMS 0x00000000a7e00000| PB 0x00000000a7e00000| Complete 
|  89|0x00000000a7f00000, 0x00000000a8000000, 0x00000000a8000000|100%| E|CS|TAMS 0x00000000a7f00000| PB 0x00000000a7f00000| Complete 
|  90|0x00000000a8000000, 0x00000000a8100000, 0x00000000a8100000|100%| E|CS|TAMS 0x00000000a8000000| PB 0x00000000a8000000| Complete 
|  91|0x00000000a8100000, 0x00000000a8200000, 0x00000000a8200000|100%| E|CS|TAMS 0x00000000a8100000| PB 0x00000000a8100000| Complete 
|  92|0x00000000a8200000, 0x00000000a8300000, 0x00000000a8300000|100%| E|CS|TAMS 0x00000000a8200000| PB 0x00000000a8200000| Complete 
|  93|0x00000000a8300000, 0x00000000a8400000, 0x00000000a8400000|100%| E|CS|TAMS 0x00000000a8300000| PB 0x00000000a8300000| Complete 

Card table byte_map: [0x0000024d2dee0000,0x0000024d2e1d0000] _byte_map_base: 0x0000024d2d9cd000

Marking Bits: (CMBitMap*) 0x0000024d1a2a3250
 Bits: [0x0000024d2e1d0000, 0x0000024d2f938000)

Polling page: 0x0000024d18a20000

Metaspace:

Usage:
  Non-class:     13.99 MB used.
      Class:      1.50 MB used.
       Both:     15.48 MB used.

Virtual space:
  Non-class space:       64.00 MB reserved,      14.06 MB ( 22%) committed,  1 nodes.
      Class space:        1.00 GB reserved,       1.62 MB ( <1%) committed,  1 nodes.
             Both:        1.06 GB reserved,      15.69 MB (  1%) committed. 

Chunk freelists:
   Non-Class:  1.00 MB
       Class:  14.20 MB
        Both:  15.20 MB

MaxMetaspaceSize: unlimited
CompressedClassSpaceSize: 1.00 GB
Initial GC threshold: 21.00 MB
Current GC threshold: 21.00 MB
CDS: off
 - commit_granule_bytes: 65536.
 - commit_granule_words: 8192.
 - virtual_space_node_default_size: 8388608.
 - enlarge_chunks_in_place: 1.
 - use_allocation_guard: 0.


Internal statistics:

num_allocs_failed_limit: 0.
num_arena_births: 222.
num_arena_deaths: 0.
num_vsnodes_births: 2.
num_vsnodes_deaths: 0.
num_space_committed: 251.
num_space_uncommitted: 0.
num_chunks_returned_to_freelist: 0.
num_chunks_taken_from_freelist: 401.
num_chunk_merges: 0.
num_chunk_splits: 219.
num_chunks_enlarged: 85.
num_inconsistent_stats: 0.

CodeHeap 'non-profiled nmethods': size=120000Kb used=291Kb max_used=291Kb free=119708Kb
 bounds [0x0000024d25c60000, 0x0000024d25ed0000, 0x0000024d2d190000]
CodeHeap 'profiled nmethods': size=120000Kb used=1420Kb max_used=1420Kb free=118579Kb
 bounds [0x0000024d1e190000, 0x0000024d1e400000, 0x0000024d256c0000]
CodeHeap 'non-nmethods': size=5760Kb used=1408Kb max_used=1424Kb free=4351Kb
 bounds [0x0000024d256c0000, 0x0000024d25930000, 0x0000024d25c60000]
 total_blobs=1438 nmethods=936 adapters=407
 compilation: enabled
              stopped_count=0, restarted_count=0
 full_count=0

Compilation events (20 events):
Event: 0.973 Thread 0x0000024d325ef0e0 nmethod 925 0x0000024d1e2eef10 code [0x0000024d1e2ef100, 0x0000024d1e2ef600]
Event: 0.973 Thread 0x0000024d325ef0e0  926   !   3       jdk.internal.misc.ScopedMemoryAccess::getLongUnalignedInternal (36 bytes)
Event: 0.973 Thread 0x0000024d325ef0e0 nmethod 926 0x0000024d1e2ef890 code [0x0000024d1e2efa60, 0x0000024d1e2efe08]
Event: 0.973 Thread 0x0000024d325ef0e0  927       3       jdk.internal.misc.Unsafe::getLongUnaligned (12 bytes)
Event: 0.973 Thread 0x0000024d325ef0e0 nmethod 927 0x0000024d1e2f0010 code [0x0000024d1e2f01c0, 0x0000024d1e2f03a8]
Event: 0.973 Thread 0x0000024d325ef0e0  928       3       jdk.internal.misc.Unsafe::convEndian (16 bytes)
Event: 0.973 Thread 0x0000024d325ef0e0 nmethod 928 0x0000024d1e2f0490 code [0x0000024d1e2f0640, 0x0000024d1e2f07b0]
Event: 0.974 Thread 0x0000024d325ee640 nmethod 929 0x0000024d25ca8a10 code [0x0000024d25ca8ba0, 0x0000024d25ca8d08]
Event: 0.974 Thread 0x0000024d325ee640  930       4       jdk.internal.org.objectweb.asm.SymbolTable::addConstantUtf8 (98 bytes)
Event: 0.976 Thread 0x0000024d325ef0e0  931       3       java.util.EnumSet::of (16 bytes)
Event: 0.976 Thread 0x0000024d325ef0e0 nmethod 931 0x0000024d1e2f0890 code [0x0000024d1e2f0a80, 0x0000024d1e2f0d78]
Event: 0.976 Thread 0x0000024d325ef0e0  932       3       java.lang.CharacterDataLatin1::equalsIgnoreCase (63 bytes)
Event: 0.976 Thread 0x0000024d325ef0e0 nmethod 932 0x0000024d1e2f0f90 code [0x0000024d1e2f1140, 0x0000024d1e2f1438]
Event: 0.977 Thread 0x0000024d325ef0e0  933       3       java.lang.reflect.Modifier::isFinal (13 bytes)
Event: 0.977 Thread 0x0000024d325ef0e0 nmethod 933 0x0000024d1e2f1510 code [0x0000024d1e2f16a0, 0x0000024d1e2f17e8]
Event: 0.977 Thread 0x0000024d325ef0e0  934       3       sun.security.ssl.SSLAlgorithmConstraints::permits (96 bytes)
Event: 0.978 Thread 0x0000024d325ef0e0 nmethod 934 0x0000024d1e2f1890 code [0x0000024d1e2f1a80, 0x0000024d1e2f1f70]
Event: 0.978 Thread 0x0000024d325ef0e0  935       3       sun.security.ssl.CipherSuite::isAvailable (52 bytes)
Event: 0.979 Thread 0x0000024d325ef0e0 nmethod 935 0x0000024d1e2f2110 code [0x0000024d1e2f22e0, 0x0000024d1e2f2658]
Event: 0.979 Thread 0x0000024d325ef0e0  936       3       sun.security.ssl.CipherSuite$KeyExchange::isAvailable (46 bytes)

GC Heap History (0 events):
No events

Dll operation events (2 events):
Event: 0.043 Loaded shared library C:\Users\Tetiana\AppData\Local\Programs\IntelliJ IDEA Ultimate 2024.2.0.1\jbr\bin\java.dll
Event: 0.076 Loaded shared library C:\Users\Tetiana\AppData\Local\Programs\IntelliJ IDEA Ultimate 2024.2.0.1\jbr\bin\zip.dll

Deoptimization events (12 events):
Event: 0.533 Thread 0x0000024d1a261710 Uncommon trap: trap_request=0xffffff45 fr.pc=0x0000024d25c74994 relative=0x0000000000000074
Event: 0.533 Thread 0x0000024d1a261710 Uncommon trap: reason=unstable_if action=reinterpret pc=0x0000024d25c74994 method=java.lang.CharacterDataLatin1.toLowerCase(I)I @ 16 c2
Event: 0.534 Thread 0x0000024d1a261710 DEOPT PACKING pc=0x0000024d25c74994 sp=0x000000cb764fb070
Event: 0.534 Thread 0x0000024d1a261710 DEOPT UNPACKING pc=0x0000024d257146a2 sp=0x000000cb764fb000 mode 2
Event: 0.731 Thread 0x0000024d1a261710 DEOPT PACKING pc=0x0000024d1e1a9978 sp=0x000000cb764fc9d0
Event: 0.731 Thread 0x0000024d1a261710 DEOPT UNPACKING pc=0x0000024d25714e42 sp=0x000000cb764fbdf0 mode 0
Event: 0.764 Thread 0x0000024d1a261710 DEOPT PACKING pc=0x0000024d1e1a8558 sp=0x000000cb764fdf10
Event: 0.764 Thread 0x0000024d1a261710 DEOPT UNPACKING pc=0x0000024d25714e42 sp=0x000000cb764fd378 mode 0
Event: 0.973 Thread 0x0000024d374759b0 Uncommon trap: trap_request=0xffffffde fr.pc=0x0000024d25ca7144 relative=0x00000000000010a4
Event: 0.973 Thread 0x0000024d374759b0 Uncommon trap: reason=class_check action=maybe_recompile pc=0x0000024d25ca7144 method=java.util.concurrent.ConcurrentHashMap.putVal(Ljava/lang/Object;Ljava/lang/Object;Z)Ljava/lang/Object; @ 242 c2
Event: 0.973 Thread 0x0000024d374759b0 DEOPT PACKING pc=0x0000024d25ca7144 sp=0x000000cb778fd730
Event: 0.973 Thread 0x0000024d374759b0 DEOPT UNPACKING pc=0x0000024d257146a2 sp=0x000000cb778fd6a0 mode 2

Classes loaded (20 events):
Event: 0.974 Loading class java/util/LinkedList$Node done
Event: 0.974 Loading class sun/security/ssl/ClientHandshakeContext
Event: 0.974 Loading class sun/security/ssl/HandshakeContext
Event: 0.975 Loading class sun/security/ssl/HandshakeContext done
Event: 0.975 Loading class sun/security/ssl/ClientHandshakeContext done
Event: 0.975 Loading class sun/security/ssl/NamedGroupPossession
Event: 0.975 Loading class sun/security/ssl/SSLPossession
Event: 0.975 Loading class sun/security/ssl/SSLPossession done
Event: 0.975 Loading class sun/security/ssl/NamedGroupPossession done
Event: 0.975 Loading class sun/security/ssl/SSLCredentials
Event: 0.975 Loading class sun/security/ssl/SSLCredentials done
Event: 0.975 Loading class sun/security/ssl/SSLKeyDerivation
Event: 0.975 Loading class sun/security/ssl/SSLKeyDerivation done
Event: 0.976 Loading class sun/security/util/KeyUtil
Event: 0.977 Loading class sun/security/util/KeyUtil done
Event: 0.977 Loading class java/util/ComparableTimSort
Event: 0.978 Loading class java/util/ComparableTimSort done
Event: 0.979 Loading class sun/security/ssl/HandshakeOutStream
Event: 0.979 Loading class sun/security/ssl/HandshakeOutStream done
Event: 0.979 Loading class java/lang/Byte$ByteCache

Classes unloaded (0 events):
No events

Classes redefined (0 events):
No events

Internal exceptions (20 events):
Event: 0.722 Thread 0x0000024d1a261710 Exception <a 'java/lang/NoSuchMethodError'{0x00000000a7d81840}: 'int java.lang.invoke.DirectMethodHandle$Holder.invokeVirtual(java.lang.Object, java.lang.Object)'> (0x00000000a7d81840) 
thrown [s\src\hotspot\share\interpreter\linkResolver.cpp, line 784]
Event: 0.723 Thread 0x0000024d1a261710 Exception <a 'java/lang/NoSuchMethodError'{0x00000000a7d85aa8}: 'int java.lang.invoke.DirectMethodHandle$Holder.invokeStaticInit(java.lang.Object, int, int)'> (0x00000000a7d85aa8) 
thrown [s\src\hotspot\share\interpreter\linkResolver.cpp, line 784]
Event: 0.724 Thread 0x0000024d1a261710 Exception <a 'java/lang/NoSuchMethodError'{0x00000000a7d8ce68}: 'int java.lang.invoke.DirectMethodHandle$Holder.invokeStaticInit(java.lang.Object, long, long)'> (0x00000000a7d8ce68) 
thrown [s\src\hotspot\share\interpreter\linkResolver.cpp, line 784]
Event: 0.725 Thread 0x0000024d1a261710 Exception <a 'java/lang/NoSuchMethodError'{0x00000000a7d938a8}: 'int java.lang.invoke.DirectMethodHandle$Holder.invokeStaticInit(java.lang.Object, float, float)'> (0x00000000a7d938a8) 
thrown [s\src\hotspot\share\interpreter\linkResolver.cpp, line 784]
Event: 0.725 Thread 0x0000024d1a261710 Exception <a 'java/lang/NoSuchMethodError'{0x00000000a7d9a1b8}: 'int java.lang.invoke.DirectMethodHandle$Holder.invokeStaticInit(java.lang.Object, double, double)'> (0x00000000a7d9a1b8) 
thrown [s\src\hotspot\share\interpreter\linkResolver.cpp, line 784]
Event: 0.726 Thread 0x0000024d1a261710 Exception <a 'java/lang/NoSuchMethodError'{0x00000000a7d9e640}: 'int java.lang.invoke.DirectMethodHandle$Holder.invokeStatic(java.lang.Object, long)'> (0x00000000a7d9e640) 
thrown [s\src\hotspot\share\interpreter\linkResolver.cpp, line 784]
Event: 0.733 Thread 0x0000024d1a261710 Exception <a 'java/lang/NoSuchMethodError'{0x00000000a7dca4c0}: 'java.lang.Object java.lang.invoke.DelegatingMethodHandle$Holder.delegate(java.lang.Object, int, java.lang.Object, java.lang.Object)'> (0x00000000a7dca4c0) 
thrown [s\src\hotspot\share\interpreter\linkResolver.cpp, line 784]
Event: 0.735 Thread 0x0000024d1a261710 Exception <a 'java/lang/NoSuchMethodError'{0x00000000a7dd95d0}: 'int java.lang.invoke.Invokers$Holder.linkToTargetMethod(java.lang.Object, java.lang.Object, java.lang.Object)'> (0x00000000a7dd95d0) 
thrown [s\src\hotspot\share\interpreter\linkResolver.cpp, line 784]
Event: 0.742 Thread 0x0000024d1a261710 Exception <a 'java/lang/NoSuchMethodError'{0x00000000a7c0d008}: 'long java.lang.invoke.DirectMethodHandle$Holder.invokeSpecial(java.lang.Object, java.lang.Object)'> (0x00000000a7c0d008) 
thrown [s\src\hotspot\share\interpreter\linkResolver.cpp, line 784]
Event: 0.744 Thread 0x0000024d1a261710 Exception <a 'java/lang/NoSuchMethodError'{0x00000000a7c13708}: 'int java.lang.invoke.DirectMethodHandle$Holder.invokeStatic(java.lang.Object, java.lang.Object, java.lang.Object, java.lang.Object)'> (0x00000000a7c13708) 
thrown [s\src\hotspot\share\interpreter\linkResolver.cpp, line 784]
Event: 0.744 Thread 0x0000024d1a261710 Exception <a 'java/lang/NoSuchMethodError'{0x00000000a7c16ad8}: 'java.lang.Object java.lang.invoke.Invokers$Holder.invokeExact_MT(java.lang.Object, java.lang.Object, java.lang.Object, java.lang.Object, java.lang.Object, java.lang.Object)'> (0x00000000a7c16ad8) 
thrown [s\src\hotspot\share\interpreter\linkResolver.cpp, line 784]
Event: 0.879 Thread 0x0000024d1a261710 Exception <a 'java/lang/NoSuchMethodError'{0x00000000a7a1c588}: 'java.lang.Object java.lang.invoke.DirectMethodHandle$Holder.newInvokeSpecial(java.lang.Object, java.lang.Object, java.lang.Object, java.lang.Object, java.lang.Object)'> (0x00000000a7a1c588) 
thrown [s\src\hotspot\share\interpreter\linkResolver.cpp, line 784]
Event: 0.915 Thread 0x0000024d1a261710 Exception <a 'java/lang/NoSuchMethodError'{0x00000000a799ab40}: 'java.lang.Object java.lang.invoke.DirectMethodHandle$Holder.invokeSpecial(java.lang.Object, java.lang.Object, java.lang.Object, java.lang.Object, int)'> (0x00000000a799ab40) 
thrown [s\src\hotspot\share\interpreter\linkResolver.cpp, line 784]
Event: 0.915 Thread 0x0000024d1a261710 Exception <a 'java/lang/NoSuchMethodError'{0x00000000a799e488}: 'java.lang.Object java.lang.invoke.Invokers$Holder.linkToTargetMethod(java.lang.Object, java.lang.Object, int, java.lang.Object)'> (0x00000000a799e488) 
thrown [s\src\hotspot\share\interpreter\linkResolver.cpp, line 784]
Event: 0.924 Thread 0x0000024d1a261710 Exception <a 'java/lang/NoSuchMethodError'{0x00000000a79cc190}: 'void java.lang.invoke.DirectMethodHandle$Holder.invokeSpecial(java.lang.Object, java.lang.Object, java.lang.Object)'> (0x00000000a79cc190) 
thrown [s\src\hotspot\share\interpreter\linkResolver.cpp, line 784]
Event: 0.938 Thread 0x0000024d37386d70 Exception <a 'java/lang/NoSuchMethodError'{0x00000000a7b99070}: 'void java.lang.invoke.DirectMethodHandle$Holder.invokeStatic(java.lang.Object, java.lang.Object, int)'> (0x00000000a7b99070) 
thrown [s\src\hotspot\share\interpreter\linkResolver.cpp, line 784]
Event: 0.940 Thread 0x0000024d1a261710 Exception <a 'java/lang/NoSuchMethodError'{0x00000000a784cd60}: 'void java.lang.invoke.DirectMethodHandle$Holder.invokeSpecial(java.lang.Object, java.lang.Object, java.lang.Object, java.lang.Object, java.lang.Object)'> (0x00000000a784cd60) 
thrown [s\src\hotspot\share\interpreter\linkResolver.cpp, line 784]
Event: 0.950 Thread 0x0000024d37386d70 Exception <a 'java/lang/NoSuchMethodError'{0x00000000a7bd19a8}: 'void java.lang.invoke.DirectMethodHandle$Holder.invokeStatic(java.lang.Object, java.lang.Object)'> (0x00000000a7bd19a8) 
thrown [s\src\hotspot\share\interpreter\linkResolver.cpp, line 784]
Event: 0.952 Thread 0x0000024d374759b0 Exception <a 'java/lang/NoSuchMethodError'{0x00000000a78a1cd0}: 'void java.lang.invoke.DirectMethodHandle$Holder.invokeInterface(java.lang.Object, java.lang.Object, java.lang.Object)'> (0x00000000a78a1cd0) 
thrown [s\src\hotspot\share\interpreter\linkResolver.cpp, line 784]
Event: 0.965 Thread 0x0000024d374759b0 Exception <a 'java/lang/NoSuchMethodError'{0x00000000a78f3368}: 'void java.lang.invoke.DirectMethodHandle$Holder.invokeVirtual(java.lang.Object, java.lang.Object)'> (0x00000000a78f3368) 
thrown [s\src\hotspot\share\interpreter\linkResolver.cpp, line 784]

ZGC Phase Switch (0 events):
No events

VM Operations (8 events):
Event: 0.335 Executing VM operation: HandshakeAllThreads (Deoptimize)
Event: 0.335 Executing VM operation: HandshakeAllThreads (Deoptimize) done
Event: 0.349 Executing VM operation: HandshakeAllThreads (Deoptimize)
Event: 0.349 Executing VM operation: HandshakeAllThreads (Deoptimize) done
Event: 0.624 Executing VM operation: HandshakeAllThreads (Deoptimize)
Event: 0.624 Executing VM operation: HandshakeAllThreads (Deoptimize) done
Event: 0.942 Executing VM operation: HandshakeAllThreads (Deoptimize)
Event: 0.942 Executing VM operation: HandshakeAllThreads (Deoptimize) done

Events (20 events):
Event: 0.067 Thread 0x0000024d1a261710 Thread added: 0x0000024d1a261710
Event: 0.214 Thread 0x0000024d326057d0 Thread added: 0x0000024d326057d0
Event: 0.215 Thread 0x0000024d326068c0 Thread added: 0x0000024d326068c0
Event: 0.216 Thread 0x0000024d32611a20 Thread added: 0x0000024d32611a20
Event: 0.216 Thread 0x0000024d32612480 Thread added: 0x0000024d32612480
Event: 0.217 Thread 0x0000024d32608490 Thread added: 0x0000024d32608490
Event: 0.217 Thread 0x0000024d326092c0 Thread added: 0x0000024d326092c0
Event: 0.217 Thread 0x0000024d325ee640 Thread added: 0x0000024d325ee640
Event: 0.217 Thread 0x0000024d325ef0e0 Thread added: 0x0000024d325ef0e0
Event: 0.271 Thread 0x0000024d327bcbd0 Thread added: 0x0000024d327bcbd0
Event: 0.281 Thread 0x0000024d327c2c80 Thread added: 0x0000024d327c2c80
Event: 0.300 Loaded shared library C:\Users\Tetiana\AppData\Local\Programs\IntelliJ IDEA Ultimate 2024.2.0.1\jbr\bin\net.dll
Event: 0.305 Loaded shared library C:\Users\Tetiana\AppData\Local\Programs\IntelliJ IDEA Ultimate 2024.2.0.1\jbr\bin\nio.dll
Event: 0.324 Loaded shared library C:\Users\Tetiana\AppData\Local\Programs\IntelliJ IDEA Ultimate 2024.2.0.1\jbr\bin\zip.dll
Event: 0.436 Loaded shared library C:\Users\Tetiana\AppData\Local\Programs\IntelliJ IDEA Ultimate 2024.2.0.1\jbr\bin\jimage.dll
Event: 0.474 Loaded shared library C:\Users\Tetiana\AppData\Local\Programs\IntelliJ IDEA Ultimate 2024.2.0.1\jbr\bin\sunmscapi.dll
Event: 0.859 Loaded shared library C:\Users\Tetiana\AppData\Local\Programs\IntelliJ IDEA Ultimate 2024.2.0.1\jbr\bin\extnet.dll
Event: 0.870 Thread 0x0000024d37386d70 Thread added: 0x0000024d37386d70
Event: 0.949 Thread 0x0000024d374759b0 Thread added: 0x0000024d374759b0
Event: 0.975 Thread 0x0000024d3740eda0 Thread added: 0x0000024d3740eda0


Dynamic libraries:
0x00007ff6e75b0000 - 0x00007ff6e75ba000 	C:\Users\Tetiana\AppData\Local\Programs\IntelliJ IDEA Ultimate 2024.2.0.1\jbr\bin\java.exe
0x00007ff999630000 - 0x00007ff999828000 	C:\Windows\SYSTEM32\ntdll.dll
0x00007ff998440000 - 0x00007ff998501000 	C:\Windows\System32\KERNEL32.DLL
0x00007ff996d80000 - 0x00007ff99707d000 	C:\Windows\System32\KERNELBASE.dll
0x00007ff997560000 - 0x00007ff997660000 	C:\Windows\System32\ucrtbase.dll
0x00007ff98a300000 - 0x00007ff98a318000 	C:\Users\Tetiana\AppData\Local\Programs\IntelliJ IDEA Ultimate 2024.2.0.1\jbr\bin\jli.dll
0x00007ff991fb0000 - 0x00007ff991fcb000 	C:\Users\Tetiana\AppData\Local\Programs\IntelliJ IDEA Ultimate 2024.2.0.1\jbr\bin\VCRUNTIME140.dll
0x00007ff998e10000 - 0x00007ff998fad000 	C:\Windows\System32\USER32.dll
0x00007ff996d50000 - 0x00007ff996d72000 	C:\Windows\System32\win32u.dll
0x00007ff984c10000 - 0x00007ff984eaa000 	C:\Windows\WinSxS\amd64_microsoft.windows.common-controls_6595b64144ccf1df_6.0.19041.4355_none_60b8b9eb71f62e16\COMCTL32.dll
0x00007ff9978f0000 - 0x00007ff99791b000 	C:\Windows\System32\GDI32.dll
0x00007ff997310000 - 0x00007ff997427000 	C:\Windows\System32\gdi32full.dll
0x00007ff997270000 - 0x00007ff99730d000 	C:\Windows\System32\msvcp_win.dll
0x00007ff997b10000 - 0x00007ff997bae000 	C:\Windows\System32\msvcrt.dll
0x00007ff9981f0000 - 0x00007ff99821f000 	C:\Windows\System32\IMM32.DLL
0x0000000050e70000 - 0x0000000050e7c000 	C:\Program Files\360\Total Security\safemon\SafeWrapper.dll
0x00007ff9979b0000 - 0x00007ff997a60000 	C:\Windows\System32\ADVAPI32.dll
0x00007ff999010000 - 0x00007ff9990b0000 	C:\Windows\System32\sechost.dll
0x00007ff9977c0000 - 0x00007ff9978e3000 	C:\Windows\System32\RPCRT4.dll
0x00007ff997430000 - 0x00007ff997457000 	C:\Windows\System32\bcrypt.dll
0x00007ff97bb10000 - 0x00007ff97bba2000 	C:\Program Files\360\Total Security\safemon\libzdtp64.dll
0x00007ff9986a0000 - 0x00007ff998e0f000 	C:\Windows\System32\SHELL32.dll
0x00007ff998510000 - 0x00007ff998565000 	C:\Windows\System32\SHLWAPI.dll
0x00007ff9967c0000 - 0x00007ff9967ca000 	C:\Windows\SYSTEM32\VERSION.dll
0x00007ff992060000 - 0x00007ff99206c000 	C:\Users\Tetiana\AppData\Local\Programs\IntelliJ IDEA Ultimate 2024.2.0.1\jbr\bin\vcruntime140_1.dll
0x00007ff962a80000 - 0x00007ff962b0d000 	C:\Users\Tetiana\AppData\Local\Programs\IntelliJ IDEA Ultimate 2024.2.0.1\jbr\bin\msvcp140.dll
0x00007ff908210000 - 0x00007ff908fc2000 	C:\Users\Tetiana\AppData\Local\Programs\IntelliJ IDEA Ultimate 2024.2.0.1\jbr\bin\server\jvm.dll
0x00007ff997c80000 - 0x00007ff997ceb000 	C:\Windows\System32\WS2_32.dll
0x00007ff9935a0000 - 0x00007ff9935c7000 	C:\Windows\SYSTEM32\WINMM.dll
0x00007ff996a30000 - 0x00007ff996a7b000 	C:\Windows\SYSTEM32\POWRPROF.dll
0x00007ff996a10000 - 0x00007ff996a22000 	C:\Windows\SYSTEM32\UMPDC.dll
0x00007ff995480000 - 0x00007ff995492000 	C:\Windows\SYSTEM32\kernel.appcore.dll
0x00007ff992020000 - 0x00007ff99202a000 	C:\Users\Tetiana\AppData\Local\Programs\IntelliJ IDEA Ultimate 2024.2.0.1\jbr\bin\jimage.dll
0x00007ff9946d0000 - 0x00007ff9948b4000 	C:\Windows\SYSTEM32\DBGHELP.DLL
0x00007ff993560000 - 0x00007ff993594000 	C:\Windows\SYSTEM32\dbgcore.DLL
0x00007ff9971e0000 - 0x00007ff997262000 	C:\Windows\System32\bcryptPrimitives.dll
0x00007ff991be0000 - 0x00007ff991bff000 	C:\Users\Tetiana\AppData\Local\Programs\IntelliJ IDEA Ultimate 2024.2.0.1\jbr\bin\java.dll
0x00007ff991ac0000 - 0x00007ff991ad8000 	C:\Users\Tetiana\AppData\Local\Programs\IntelliJ IDEA Ultimate 2024.2.0.1\jbr\bin\zip.dll
0x00007ff994cd0000 - 0x00007ff99546f000 	C:\Windows\SYSTEM32\windows.storage.dll
0x00007ff9991e0000 - 0x00007ff999533000 	C:\Windows\System32\combase.dll
0x00007ff9965c0000 - 0x00007ff9965ee000 	C:\Windows\SYSTEM32\Wldp.dll
0x00007ff997bb0000 - 0x00007ff997c7d000 	C:\Windows\System32\OLEAUT32.dll
0x00007ff997a60000 - 0x00007ff997b0d000 	C:\Windows\System32\SHCORE.dll
0x00007ff996c10000 - 0x00007ff996c34000 	C:\Windows\SYSTEM32\profapi.dll
0x00007ff992000000 - 0x00007ff992010000 	C:\Users\Tetiana\AppData\Local\Programs\IntelliJ IDEA Ultimate 2024.2.0.1\jbr\bin\net.dll
0x00007ff98f780000 - 0x00007ff98f88d000 	C:\Windows\SYSTEM32\WINHTTP.dll
0x00007ff996320000 - 0x00007ff99638a000 	C:\Windows\system32\mswsock.dll
0x00007ff991850000 - 0x00007ff991866000 	C:\Users\Tetiana\AppData\Local\Programs\IntelliJ IDEA Ultimate 2024.2.0.1\jbr\bin\nio.dll
0x00007ff991460000 - 0x00007ff99146e000 	C:\Users\Tetiana\AppData\Local\Programs\IntelliJ IDEA Ultimate 2024.2.0.1\jbr\bin\sunmscapi.dll
0x00007ff997080000 - 0x00007ff9971de000 	C:\Windows\System32\CRYPT32.dll
0x00007ff996630000 - 0x00007ff996659000 	C:\Windows\SYSTEM32\ncrypt.dll
0x00007ff9965f0000 - 0x00007ff99662b000 	C:\Windows\SYSTEM32\NTASN1.dll
0x00007ff996510000 - 0x00007ff996528000 	C:\Windows\SYSTEM32\CRYPTSP.dll
0x00007ff995c40000 - 0x00007ff995c74000 	C:\Windows\system32\rsaenh.dll
0x00007ff996b80000 - 0x00007ff996bae000 	C:\Windows\SYSTEM32\USERENV.dll
0x00007ff996530000 - 0x00007ff99653c000 	C:\Windows\SYSTEM32\CRYPTBASE.dll
0x00007ff996000000 - 0x00007ff99603b000 	C:\Windows\SYSTEM32\IPHLPAPI.DLL
0x00007ff9990b0000 - 0x00007ff9990b8000 	C:\Windows\System32\NSI.dll
0x00007ff98f220000 - 0x00007ff98f227000 	C:\Windows\system32\wshunix.dll
0x00007ff990330000 - 0x00007ff990339000 	C:\Users\Tetiana\AppData\Local\Programs\IntelliJ IDEA Ultimate 2024.2.0.1\jbr\bin\extnet.dll

dbghelp: loaded successfully - version: 4.0.5 - missing functions: none
symbol engine: initialized successfully - sym options: 0x614 - pdb path: .;C:\Users\Tetiana\AppData\Local\Programs\IntelliJ IDEA Ultimate 2024.2.0.1\jbr\bin;C:\Windows\SYSTEM32;C:\Windows\WinSxS\amd64_microsoft.windows.common-controls_6595b64144ccf1df_6.0.19041.4355_none_60b8b9eb71f62e16;C:\Program Files\360\Total Security\safemon;C:\Users\Tetiana\AppData\Local\Programs\IntelliJ IDEA Ultimate 2024.2.0.1\jbr\bin\server

VM Arguments:
java_command: git4idea.http.GitAskPassApp Username for 'https://github.com': 
java_class_path (initial): C:/Users/Tetiana/AppData/Local/Programs/IntelliJ IDEA Ultimate 2024.2.0.1/plugins/vcs-git/lib/git4idea-rt.jar;C:/Users/Tetiana/AppData/Local/Programs/IntelliJ IDEA Ultimate 2024.2.0.1/lib/externalProcess-rt.jar
Launcher Type: SUN_STANDARD

[Global flags]
     intx CICompilerCount                          = 4                                         {product} {ergonomic}
     uint ConcGCThreads                            = 2                                         {product} {ergonomic}
     uint G1ConcRefinementThreads                  = 8                                         {product} {ergonomic}
   size_t G1HeapRegionSize                         = 1048576                                   {product} {ergonomic}
    uintx GCDrainStackTargetSize                   = 64                                        {product} {ergonomic}
   size_t InitialHeapSize                          = 98566144                                  {product} {ergonomic}
   size_t MarkStackSize                            = 4194304                                   {product} {ergonomic}
   size_t MaxHeapSize                              = 1570766848                                {product} {ergonomic}
   size_t MaxNewSize                               = 941621248                                 {product} {ergonomic}
   size_t MinHeapDeltaBytes                        = 1048576                                   {product} {ergonomic}
   size_t MinHeapSize                              = 8388608                                   {product} {ergonomic}
    uintx NonNMethodCodeHeapSize                   = 5839372                                {pd product} {ergonomic}
    uintx NonProfiledCodeHeapSize                  = 122909434                              {pd product} {ergonomic}
    uintx ProfiledCodeHeapSize                     = 122909434                              {pd product} {ergonomic}
    uintx ReservedCodeCacheSize                    = 251658240                              {pd product} {ergonomic}
     bool SegmentedCodeCache                       = true                                      {product} {ergonomic}
   size_t SoftMaxHeapSize                          = 1570766848                             {manageable} {ergonomic}
     bool UseCompressedOops                        = true                           {product lp64_product} {ergonomic}
     bool UseG1GC                                  = true                                      {product} {ergonomic}
     bool UseLargePagesIndividualAllocation        = false                                  {pd product} {ergonomic}

Logging:
Log output configuration:
 #0: stdout all=warning uptime,level,tags foldmultilines=false
 #1: stderr all=off uptime,level,tags foldmultilines=false

Environment Variables:
PATH=C:\Program Files\Git\mingw64\libexec\git-core;C:\Program Files\Git\mingw64\libexec\git-core;C:\Program Files\Git\mingw64\bin;C:\Program Files\Git\usr\bin;C:\Users\Tetiana\bin;C:\Program Files\Common Files\Oracle\Java\javapath;C:\Program Files (x86)\Common Files\Oracle\Java\java8path;C:\Program Files (x86)\Common Files\Oracle\Java\javapath;C:\Program Files (x86)\NVIDIA Corporation\PhysX\Common;C:\ProgramData\Oracle\Java\javapath;C:\Windows\system32;C:\Windows;C:\Windows\System32\Wbem;C:\Windows\System32\WindowsPowerShell\v1.0;C:\Windows\System32\OpenSSH;C:\Program Files\Cloudflare\Cloudflare WARP;C:\Program Files\Git\cmd;C:\Users\Tetiana\AppData\Local\Microsoft\WindowsApps
USERNAME=Tetiana
DISPLAY=:0.0
LC_ALL=en_US.UTF-8
TERM=xterm-256color
TMPDIR=C:\Users\Tetiana\AppData\Local\Temp
OS=Windows_NT
PROCESSOR_IDENTIFIER=AMD64 Family 23 Model 104 Stepping 1, AuthenticAMD
TMP=C:\Users\Tetiana\AppData\Local\Temp
TEMP=C:\Users\Tetiana\AppData\Local\Temp




Periodic native trim disabled

JNI global refs:
JNI global refs: 19, weak refs: 0

JNI global refs memory usage: 835, weak refs: 201

Process memory usage:
Resident Set Size: 68608K (1% of 6133496K total physical memory with 105216K free physical memory)

OOME stack traces (most recent first):
Classloader memory used:
